{"D:\\Islamic-Reminders-Hub\\artifacts\\adhkar\\src\\hooks\\useFavorites.ts": {"path":"D:\\Islamic-Reminders-Hub\\artifacts\\adhkar\\src\\hooks\\useFavorites.ts","statementMap":{"0":{"start":{"line":5,"column":32},"end":{"line":5,"column":null}},"1":{"start":{"line":7,"column":2},"end":{"line":16,"column":null}},"2":{"start":{"line":8,"column":19},"end":{"line":8,"column":null}},"3":{"start":{"line":9,"column":4},"end":{"line":15,"column":null}},"4":{"start":{"line":10,"column":6},"end":{"line":14,"column":null}},"5":{"start":{"line":11,"column":8},"end":{"line":11,"column":null}},"6":{"start":{"line":13,"column":8},"end":{"line":13,"column":null}},"7":{"start":{"line":18,"column":25},"end":{"line":31,"column":null}},"8":{"start":{"line":19,"column":4},"end":{"line":30,"column":null}},"9":{"start":{"line":20,"column":19},"end":{"line":22,"column":null}},"10":{"start":{"line":21,"column":32},"end":{"line":21,"column":43}},"11":{"start":{"line":24,"column":6},"end":{"line":24,"column":null}},"12":{"start":{"line":27,"column":6},"end":{"line":27,"column":null}},"13":{"start":{"line":27,"column":46},"end":{"line":27,"column":64}},"14":{"start":{"line":29,"column":6},"end":{"line":29,"column":null}},"15":{"start":{"line":33,"column":21},"end":{"line":33,"column":null}},"16":{"start":{"line":33,"column":37},"end":{"line":33,"column":null}},"17":{"start":{"line":35,"column":2},"end":{"line":35,"column":null}}},"fnMap":{"0":{"name":"useFavorites","decl":{"start":{"line":4,"column":16},"end":{"line":4,"column":31}},"loc":{"start":{"line":4,"column":31},"end":{"line":36,"column":null}},"line":4},"1":{"name":"(anonymous_1)","decl":{"start":{"line":7,"column":12},"end":{"line":7,"column":18}},"loc":{"start":{"line":7,"column":18},"end":{"line":16,"column":5}},"line":7},"2":{"name":"(anonymous_2)","decl":{"start":{"line":18,"column":25},"end":{"line":18,"column":26}},"loc":{"start":{"line":18,"column":66},"end":{"line":31,"column":null}},"line":18},"3":{"name":"(anonymous_3)","decl":{"start":{"line":19,"column":17},"end":{"line":19,"column":18}},"loc":{"start":{"line":19,"column":27},"end":{"line":30,"column":5}},"line":19},"4":{"name":"(anonymous_4)","decl":{"start":{"line":21,"column":22},"end":{"line":21,"column":23}},"loc":{"start":{"line":21,"column":32},"end":{"line":21,"column":43}},"line":21},"5":{"name":"(anonymous_5)","decl":{"start":{"line":27,"column":38},"end":{"line":27,"column":46}},"loc":{"start":{"line":27,"column":46},"end":{"line":27,"column":64}},"line":27},"6":{"name":"(anonymous_6)","decl":{"start":{"line":33,"column":21},"end":{"line":33,"column":22}},"loc":{"start":{"line":33,"column":37},"end":{"line":33,"column":null}},"line":33}},"branchMap":{"0":{"loc":{"start":{"line":9,"column":4},"end":{"line":15,"column":null}},"type":"if","locations":[{"start":{"line":9,"column":4},"end":{"line":15,"column":null}},{"start":{},"end":{}}],"line":9},"1":{"loc":{"start":{"line":18,"column":38},"end":{"line":18,"column":66}},"type":"default-arg","locations":[{"start":{"line":18,"column":53},"end":{"line":18,"column":66}}],"line":18},"2":{"loc":{"start":{"line":20,"column":19},"end":{"line":22,"column":null}},"type":"cond-expr","locations":[{"start":{"line":21,"column":10},"end":{"line":21,"column":null}},{"start":{"line":22,"column":10},"end":{"line":22,"column":null}}],"line":20}},"s":{"0":7,"1":7,"2":3,"3":3,"4":1,"5":1,"6":0,"7":7,"8":3,"9":3,"10":2,"11":3,"12":3,"13":4,"14":3,"15":7,"16":5,"17":7},"f":{"0":7,"1":3,"2":3,"3":3,"4":2,"5":4,"6":5},"b":{"0":[1,2],"1":[3],"2":[1,2]},"meta":{"lastBranch":3,"lastFunction":7,"lastStatement":18,"seen":{"f:4:16:4:31":0,"s:5:32:5:Infinity":0,"s:7:2:16:Infinity":1,"f:7:12:7:18":1,"s:8:19:8:Infinity":2,"b:9:4:15:Infinity:undefined:undefined:undefined:undefined":0,"s:9:4:15:Infinity":3,"s:10:6:14:Infinity":4,"s:11:8:11:Infinity":5,"s:13:8:13:Infinity":6,"s:18:25:31:Infinity":7,"f:18:25:18:26":2,"b:18:53:18:66":1,"s:19:4:30:Infinity":8,"f:19:17:19:18":3,"s:20:19:22:Infinity":9,"b:21:10:21:Infinity:22:10:22:Infinity":2,"f:21:22:21:23":4,"s:21:32:21:43":10,"s:24:6:24:Infinity":11,"s:27:6:27:Infinity":12,"f:27:38:27:46":5,"s:27:46:27:64":13,"s:29:6:29:Infinity":14,"s:33:21:33:Infinity":15,"f:33:21:33:22":6,"s:33:37:33:Infinity":16,"s:35:2:35:Infinity":17}}}
,"D:\\Islamic-Reminders-Hub\\artifacts\\adhkar\\src\\lib\\hijri.ts": {"path":"D:\\Islamic-Reminders-Hub\\artifacts\\adhkar\\src\\lib\\hijri.ts","statementMap":{"0":{"start":{"line":9,"column":29},"end":{"line":13,"column":null}},"1":{"start":{"line":15,"column":29},"end":{"line":19,"column":null}},"2":{"start":{"line":23,"column":21},"end":{"line":26,"column":null}},"3":{"start":{"line":24,"column":38},"end":{"line":24,"column":70}},"4":{"start":{"line":25,"column":38},"end":{"line":25,"column":70}},"5":{"start":{"line":27,"column":2},"end":{"line":27,"column":null}},"6":{"start":{"line":31,"column":2},"end":{"line":52,"column":null}},"7":{"start":{"line":32,"column":22},"end":{"line":37,"column":null}},"8":{"start":{"line":38,"column":18},"end":{"line":38,"column":null}},"9":{"start":{"line":39,"column":17},"end":{"line":39,"column":null}},"10":{"start":{"line":39,"column":48},"end":{"line":39,"column":65}},"11":{"start":{"line":40,"column":18},"end":{"line":40,"column":null}},"12":{"start":{"line":40,"column":49},"end":{"line":40,"column":67}},"13":{"start":{"line":41,"column":16},"end":{"line":41,"column":null}},"14":{"start":{"line":41,"column":47},"end":{"line":41,"column":63}},"15":{"start":{"line":42,"column":4},"end":{"line":42,"column":null}},"16":{"start":{"line":42,"column":33},"end":{"line":42,"column":null}},"17":{"start":{"line":43,"column":4},"end":{"line":49,"column":null}},"18":{"start":{"line":51,"column":4},"end":{"line":51,"column":null}},"19":{"start":{"line":56,"column":13},"end":{"line":56,"column":null}},"20":{"start":{"line":57,"column":31},"end":{"line":57,"column":null}},"21":{"start":{"line":58,"column":2},"end":{"line":64,"column":null}},"22":{"start":{"line":68,"column":2},"end":{"line":68,"column":null}},"23":{"start":{"line":68,"column":16},"end":{"line":68,"column":24}},"24":{"start":{"line":68,"column":24},"end":{"line":68,"column":33}},"25":{"start":{"line":69,"column":12},"end":{"line":69,"column":null}},"26":{"start":{"line":70,"column":12},"end":{"line":70,"column":null}},"27":{"start":{"line":71,"column":2},"end":{"line":71,"column":null}},"28":{"start":{"line":75,"column":2},"end":{"line":75,"column":null}},"29":{"start":{"line":76,"column":12},"end":{"line":76,"column":null}},"30":{"start":{"line":77,"column":14},"end":{"line":77,"column":null}},"31":{"start":{"line":78,"column":14},"end":{"line":78,"column":null}},"32":{"start":{"line":79,"column":12},"end":{"line":79,"column":null}},"33":{"start":{"line":80,"column":15},"end":{"line":80,"column":null}},"34":{"start":{"line":81,"column":16},"end":{"line":81,"column":null}},"35":{"start":{"line":82,"column":17},"end":{"line":82,"column":null}},"36":{"start":{"line":83,"column":14},"end":{"line":83,"column":null}},"37":{"start":{"line":84,"column":2},"end":{"line":84,"column":null}},"38":{"start":{"line":88,"column":2},"end":{"line":90,"column":null}},"39":{"start":{"line":89,"column":4},"end":{"line":89,"column":null}},"40":{"start":{"line":91,"column":2},"end":{"line":91,"column":null}},"41":{"start":{"line":95,"column":24},"end":{"line":95,"column":null}},"42":{"start":{"line":96,"column":16},"end":{"line":96,"column":null}},"43":{"start":{"line":97,"column":22},"end":{"line":97,"column":null}},"44":{"start":{"line":98,"column":2},"end":{"line":107,"column":null}},"45":{"start":{"line":98,"column":15},"end":{"line":98,"column":18}},"46":{"start":{"line":99,"column":14},"end":{"line":99,"column":null}},"47":{"start":{"line":100,"column":4},"end":{"line":100,"column":null}},"48":{"start":{"line":101,"column":14},"end":{"line":101,"column":null}},"49":{"start":{"line":102,"column":4},"end":{"line":106,"column":null}},"50":{"start":{"line":103,"column":6},"end":{"line":103,"column":null}},"51":{"start":{"line":104,"column":4},"end":{"line":106,"column":null}},"52":{"start":{"line":105,"column":6},"end":{"line":105,"column":null}},"53":{"start":{"line":108,"column":2},"end":{"line":108,"column":null}},"54":{"start":{"line":112,"column":13},"end":{"line":113,"column":null}},"55":{"start":{"line":114,"column":12},"end":{"line":114,"column":null}},"56":{"start":{"line":115,"column":12},"end":{"line":115,"column":null}},"57":{"start":{"line":116,"column":13},"end":{"line":116,"column":null}},"58":{"start":{"line":117,"column":12},"end":{"line":117,"column":null}},"59":{"start":{"line":118,"column":14},"end":{"line":118,"column":null}},"60":{"start":{"line":119,"column":12},"end":{"line":119,"column":null}},"61":{"start":{"line":120,"column":14},"end":{"line":120,"column":null}},"62":{"start":{"line":121,"column":15},"end":{"line":121,"column":null}},"63":{"start":{"line":122,"column":16},"end":{"line":122,"column":null}},"64":{"start":{"line":123,"column":15},"end":{"line":123,"column":null}},"65":{"start":{"line":124,"column":2},"end":{"line":124,"column":null}},"66":{"start":{"line":129,"column":2},"end":{"line":129,"column":null}},"67":{"start":{"line":129,"column":37},"end":{"line":129,"column":null}},"68":{"start":{"line":131,"column":2},"end":{"line":131,"column":null}},"69":{"start":{"line":131,"column":37},"end":{"line":131,"column":null}},"70":{"start":{"line":133,"column":2},"end":{"line":133,"column":null}},"71":{"start":{"line":133,"column":36},"end":{"line":133,"column":null}},"72":{"start":{"line":135,"column":2},"end":{"line":135,"column":null}},"73":{"start":{"line":135,"column":34},"end":{"line":135,"column":null}},"74":{"start":{"line":137,"column":2},"end":{"line":137,"column":null}},"75":{"start":{"line":137,"column":50},"end":{"line":137,"column":null}},"76":{"start":{"line":139,"column":2},"end":{"line":139,"column":null}},"77":{"start":{"line":139,"column":50},"end":{"line":139,"column":null}},"78":{"start":{"line":142,"column":14},"end":{"line":142,"column":null}},"79":{"start":{"line":143,"column":2},"end":{"line":143,"column":null}},"80":{"start":{"line":143,"column":17},"end":{"line":143,"column":null}},"81":{"start":{"line":144,"column":2},"end":{"line":144,"column":null}},"82":{"start":{"line":144,"column":17},"end":{"line":144,"column":null}},"83":{"start":{"line":146,"column":2},"end":{"line":146,"column":null}}},"fnMap":{"0":{"name":"parseArabicNum","decl":{"start":{"line":21,"column":9},"end":{"line":21,"column":24}},"loc":{"start":{"line":21,"column":43},"end":{"line":28,"column":null}},"line":21},"1":{"name":"(anonymous_1)","decl":{"start":{"line":24,"column":33},"end":{"line":24,"column":38}},"loc":{"start":{"line":24,"column":38},"end":{"line":24,"column":70}},"line":24},"2":{"name":"(anonymous_2)","decl":{"start":{"line":25,"column":33},"end":{"line":25,"column":38}},"loc":{"start":{"line":25,"column":38},"end":{"line":25,"column":70}},"line":25},"3":{"name":"toHijri","decl":{"start":{"line":30,"column":16},"end":{"line":30,"column":24}},"loc":{"start":{"line":30,"column":47},"end":{"line":53,"column":null}},"line":30},"4":{"name":"(anonymous_4)","decl":{"start":{"line":39,"column":43},"end":{"line":39,"column":48}},"loc":{"start":{"line":39,"column":48},"end":{"line":39,"column":65}},"line":39},"5":{"name":"(anonymous_5)","decl":{"start":{"line":40,"column":44},"end":{"line":40,"column":49}},"loc":{"start":{"line":40,"column":49},"end":{"line":40,"column":67}},"line":40},"6":{"name":"(anonymous_6)","decl":{"start":{"line":41,"column":42},"end":{"line":41,"column":47}},"loc":{"start":{"line":41,"column":47},"end":{"line":41,"column":63}},"line":41},"7":{"name":"fallbackHijri","decl":{"start":{"line":55,"column":9},"end":{"line":55,"column":23}},"loc":{"start":{"line":55,"column":46},"end":{"line":65,"column":null}},"line":55},"8":{"name":"gregorianToJD","decl":{"start":{"line":67,"column":9},"end":{"line":67,"column":23}},"loc":{"start":{"line":67,"column":64},"end":{"line":72,"column":null}},"line":67},"9":{"name":"jdToHijri","decl":{"start":{"line":74,"column":9},"end":{"line":74,"column":19}},"loc":{"start":{"line":74,"column":77},"end":{"line":85,"column":null}},"line":74},"10":{"name":"formatHijriDate","decl":{"start":{"line":87,"column":16},"end":{"line":87,"column":32}},"loc":{"start":{"line":87,"column":67},"end":{"line":92,"column":null}},"line":87},"11":{"name":"getGregorianDaysInHijriMonth","decl":{"start":{"line":94,"column":16},"end":{"line":94,"column":45}},"loc":{"start":{"line":94,"column":92},"end":{"line":109,"column":null}},"line":94},"12":{"name":"hijriToGregorian","decl":{"start":{"line":111,"column":16},"end":{"line":111,"column":33}},"loc":{"start":{"line":111,"column":84},"end":{"line":125,"column":null}},"line":111},"13":{"name":"isFastingDay","decl":{"start":{"line":127,"column":16},"end":{"line":127,"column":29}},"loc":{"start":{"line":127,"column":67},"end":{"line":147,"column":null}},"line":127}},"branchMap":{"0":{"loc":{"start":{"line":39,"column":32},"end":{"line":39,"column":80}},"type":"binary-expr","locations":[{"start":{"line":39,"column":32},"end":{"line":39,"column":77}},{"start":{"line":39,"column":77},"end":{"line":39,"column":80}}],"line":39},"1":{"loc":{"start":{"line":40,"column":33},"end":{"line":40,"column":82}},"type":"binary-expr","locations":[{"start":{"line":40,"column":33},"end":{"line":40,"column":79}},{"start":{"line":40,"column":79},"end":{"line":40,"column":82}}],"line":40},"2":{"loc":{"start":{"line":41,"column":31},"end":{"line":41,"column":78}},"type":"binary-expr","locations":[{"start":{"line":41,"column":31},"end":{"line":41,"column":75}},{"start":{"line":41,"column":75},"end":{"line":41,"column":78}}],"line":41},"3":{"loc":{"start":{"line":42,"column":4},"end":{"line":42,"column":null}},"type":"if","locations":[{"start":{"line":42,"column":4},"end":{"line":42,"column":null}},{"start":{},"end":{}}],"line":42},"4":{"loc":{"start":{"line":42,"column":8},"end":{"line":42,"column":33}},"type":"binary-expr","locations":[{"start":{"line":42,"column":8},"end":{"line":42,"column":17}},{"start":{"line":42,"column":17},"end":{"line":42,"column":27}},{"start":{"line":42,"column":27},"end":{"line":42,"column":33}}],"line":42},"5":{"loc":{"start":{"line":47,"column":17},"end":{"line":47,"column":null}},"type":"binary-expr","locations":[{"start":{"line":47,"column":17},"end":{"line":47,"column":45}},{"start":{"line":47,"column":45},"end":{"line":47,"column":null}}],"line":47},"6":{"loc":{"start":{"line":48,"column":19},"end":{"line":48,"column":null}},"type":"binary-expr","locations":[{"start":{"line":48,"column":19},"end":{"line":48,"column":47}},{"start":{"line":48,"column":47},"end":{"line":48,"column":null}}],"line":48},"7":{"loc":{"start":{"line":62,"column":15},"end":{"line":62,"column":null}},"type":"binary-expr","locations":[{"start":{"line":62,"column":15},"end":{"line":62,"column":43}},{"start":{"line":62,"column":43},"end":{"line":62,"column":null}}],"line":62},"8":{"loc":{"start":{"line":63,"column":17},"end":{"line":63,"column":null}},"type":"binary-expr","locations":[{"start":{"line":63,"column":17},"end":{"line":63,"column":45}},{"start":{"line":63,"column":45},"end":{"line":63,"column":null}}],"line":63},"9":{"loc":{"start":{"line":68,"column":2},"end":{"line":68,"column":null}},"type":"if","locations":[{"start":{"line":68,"column":2},"end":{"line":68,"column":null}},{"start":{},"end":{}}],"line":68},"10":{"loc":{"start":{"line":87,"column":46},"end":{"line":87,"column":67}},"type":"default-arg","locations":[{"start":{"line":87,"column":53},"end":{"line":87,"column":67}}],"line":87},"11":{"loc":{"start":{"line":88,"column":2},"end":{"line":90,"column":null}},"type":"if","locations":[{"start":{"line":88,"column":2},"end":{"line":90,"column":null}},{"start":{},"end":{}}],"line":88},"12":{"loc":{"start":{"line":102,"column":4},"end":{"line":106,"column":null}},"type":"if","locations":[{"start":{"line":102,"column":4},"end":{"line":106,"column":null}},{"start":{"line":104,"column":4},"end":{"line":106,"column":null}}],"line":102},"13":{"loc":{"start":{"line":102,"column":8},"end":{"line":102,"column":56}},"type":"binary-expr","locations":[{"start":{"line":102,"column":8},"end":{"line":102,"column":32}},{"start":{"line":102,"column":32},"end":{"line":102,"column":56}}],"line":102},"14":{"loc":{"start":{"line":104,"column":4},"end":{"line":106,"column":null}},"type":"if","locations":[{"start":{"line":104,"column":4},"end":{"line":106,"column":null}},{"start":{},"end":{}}],"line":104},"15":{"loc":{"start":{"line":129,"column":2},"end":{"line":129,"column":null}},"type":"if","locations":[{"start":{"line":129,"column":2},"end":{"line":129,"column":null}},{"start":{},"end":{}}],"line":129},"16":{"loc":{"start":{"line":129,"column":6},"end":{"line":129,"column":37}},"type":"binary-expr","locations":[{"start":{"line":129,"column":6},"end":{"line":129,"column":24}},{"start":{"line":129,"column":24},"end":{"line":129,"column":37}}],"line":129},"17":{"loc":{"start":{"line":131,"column":2},"end":{"line":131,"column":null}},"type":"if","locations":[{"start":{"line":131,"column":2},"end":{"line":131,"column":null}},{"start":{},"end":{}}],"line":131},"18":{"loc":{"start":{"line":131,"column":6},"end":{"line":131,"column":37}},"type":"binary-expr","locations":[{"start":{"line":131,"column":6},"end":{"line":131,"column":23}},{"start":{"line":131,"column":23},"end":{"line":131,"column":37}}],"line":131},"19":{"loc":{"start":{"line":133,"column":2},"end":{"line":133,"column":null}},"type":"if","locations":[{"start":{"line":133,"column":2},"end":{"line":133,"column":null}},{"start":{},"end":{}}],"line":133},"20":{"loc":{"start":{"line":133,"column":6},"end":{"line":133,"column":36}},"type":"binary-expr","locations":[{"start":{"line":133,"column":6},"end":{"line":133,"column":23}},{"start":{"line":133,"column":23},"end":{"line":133,"column":36}}],"line":133},"21":{"loc":{"start":{"line":135,"column":2},"end":{"line":135,"column":null}},"type":"if","locations":[{"start":{"line":135,"column":2},"end":{"line":135,"column":null}},{"start":{},"end":{}}],"line":135},"22":{"loc":{"start":{"line":135,"column":6},"end":{"line":135,"column":34}},"type":"binary-expr","locations":[{"start":{"line":135,"column":6},"end":{"line":135,"column":21}},{"start":{"line":135,"column":21},"end":{"line":135,"column":34}}],"line":135},"23":{"loc":{"start":{"line":137,"column":2},"end":{"line":137,"column":null}},"type":"if","locations":[{"start":{"line":137,"column":2},"end":{"line":137,"column":null}},{"start":{},"end":{}}],"line":137},"24":{"loc":{"start":{"line":137,"column":6},"end":{"line":137,"column":50}},"type":"binary-expr","locations":[{"start":{"line":137,"column":6},"end":{"line":137,"column":24}},{"start":{"line":137,"column":24},"end":{"line":137,"column":38}},{"start":{"line":137,"column":38},"end":{"line":137,"column":50}}],"line":137},"25":{"loc":{"start":{"line":139,"column":2},"end":{"line":139,"column":null}},"type":"if","locations":[{"start":{"line":139,"column":2},"end":{"line":139,"column":null}},{"start":{},"end":{}}],"line":139},"26":{"loc":{"start":{"line":139,"column":6},"end":{"line":139,"column":50}},"type":"binary-expr","locations":[{"start":{"line":139,"column":6},"end":{"line":139,"column":24}},{"start":{"line":139,"column":24},"end":{"line":139,"column":38}},{"start":{"line":139,"column":38},"end":{"line":139,"column":50}}],"line":139},"27":{"loc":{"start":{"line":143,"column":2},"end":{"line":143,"column":null}},"type":"if","locations":[{"start":{"line":143,"column":2},"end":{"line":143,"column":null}},{"start":{},"end":{}}],"line":143},"28":{"loc":{"start":{"line":144,"column":2},"end":{"line":144,"column":null}},"type":"if","locations":[{"start":{"line":144,"column":2},"end":{"line":144,"column":null}},{"start":{},"end":{}}],"line":144}},"s":{"0":1,"1":1,"2":1473,"3":0,"4":0,"5":1473,"6":492,"7":492,"8":492,"9":492,"10":2455,"11":492,"12":1473,"13":492,"14":491,"15":492,"16":0,"17":491,"18":1,"19":1,"20":1,"21":1,"22":1,"23":0,"24":0,"25":1,"26":1,"27":1,"28":1,"29":1,"30":1,"31":1,"32":1,"33":1,"34":1,"35":1,"36":1,"37":1,"38":2,"39":1,"40":1,"41":2,"42":2,"43":2,"44":2,"45":2,"46":489,"47":489,"48":489,"49":489,"50":29,"51":460,"52":1,"53":2,"54":1,"55":1,"56":1,"57":1,"58":1,"59":1,"60":1,"61":1,"62":1,"63":1,"64":1,"65":1,"66":9,"67":1,"68":8,"69":1,"70":7,"71":1,"72":6,"73":1,"74":5,"75":1,"76":4,"77":1,"78":3,"79":3,"80":1,"81":2,"82":2,"83":1},"f":{"0":1473,"1":0,"2":0,"3":492,"4":2455,"5":1473,"6":491,"7":1,"8":1,"9":1,"10":2,"11":2,"12":1,"13":9},"b":{"0":[492,0],"1":[492,0],"2":[492,0],"3":[0,492],"4":[492,491,491],"5":[491,0],"6":[492,0],"7":[1,0],"8":[1,0],"9":[0,1],"10":[2],"11":[1,1],"12":[29,460],"13":[489,313],"14":[1,459],"15":[1,8],"16":[9,2],"17":[1,7],"18":[8,2],"19":[1,6],"20":[7,1],"21":[1,5],"22":[6,1],"23":[1,4],"24":[5,1,1],"25":[1,3],"26":[4,1,1],"27":[1,2],"28":[1,1]},"meta":{"lastBranch":29,"lastFunction":14,"lastStatement":84,"seen":{"s:9:29:13:Infinity":0,"s:15:29:19:Infinity":1,"f:21:9:21:24":0,"s:23:21:26:Infinity":2,"f:24:33:24:38":1,"s:24:38:24:70":3,"f:25:33:25:38":2,"s:25:38:25:70":4,"s:27:2:27:Infinity":5,"f:30:16:30:24":3,"s:31:2:52:Infinity":6,"s:32:22:37:Infinity":7,"s:38:18:38:Infinity":8,"s:39:17:39:Infinity":9,"b:39:32:39:77:39:77:39:80":0,"f:39:43:39:48":4,"s:39:48:39:65":10,"s:40:18:40:Infinity":11,"b:40:33:40:79:40:79:40:82":1,"f:40:44:40:49":5,"s:40:49:40:67":12,"s:41:16:41:Infinity":13,"b:41:31:41:75:41:75:41:78":2,"f:41:42:41:47":6,"s:41:47:41:63":14,"b:42:4:42:Infinity:undefined:undefined:undefined:undefined":3,"s:42:4:42:Infinity":15,"b:42:8:42:17:42:17:42:27:42:27:42:33":4,"s:42:33:42:Infinity":16,"s:43:4:49:Infinity":17,"b:47:17:47:45:47:45:47:Infinity":5,"b:48:19:48:47:48:47:48:Infinity":6,"s:51:4:51:Infinity":18,"f:55:9:55:23":7,"s:56:13:56:Infinity":19,"s:57:31:57:Infinity":20,"s:58:2:64:Infinity":21,"b:62:15:62:43:62:43:62:Infinity":7,"b:63:17:63:45:63:45:63:Infinity":8,"f:67:9:67:23":8,"b:68:2:68:Infinity:undefined:undefined:undefined:undefined":9,"s:68:2:68:Infinity":22,"s:68:16:68:24":23,"s:68:24:68:33":24,"s:69:12:69:Infinity":25,"s:70:12:70:Infinity":26,"s:71:2:71:Infinity":27,"f:74:9:74:19":9,"s:75:2:75:Infinity":28,"s:76:12:76:Infinity":29,"s:77:14:77:Infinity":30,"s:78:14:78:Infinity":31,"s:79:12:79:Infinity":32,"s:80:15:80:Infinity":33,"s:81:16:81:Infinity":34,"s:82:17:82:Infinity":35,"s:83:14:83:Infinity":36,"s:84:2:84:Infinity":37,"f:87:16:87:32":10,"b:87:53:87:67":10,"b:88:2:90:Infinity:undefined:undefined:undefined:undefined":11,"s:88:2:90:Infinity":38,"s:89:4:89:Infinity":39,"s:91:2:91:Infinity":40,"f:94:16:94:45":11,"s:95:24:95:Infinity":41,"s:96:16:96:Infinity":42,"s:97:22:97:Infinity":43,"s:98:2:107:Infinity":44,"s:98:15:98:18":45,"s:99:14:99:Infinity":46,"s:100:4:100:Infinity":47,"s:101:14:101:Infinity":48,"b:102:4:106:Infinity:104:4:106:Infinity":12,"s:102:4:106:Infinity":49,"b:102:8:102:32:102:32:102:56":13,"s:103:6:103:Infinity":50,"b:104:4:106:Infinity:undefined:undefined:undefined:undefined":14,"s:104:4:106:Infinity":51,"s:105:6:105:Infinity":52,"s:108:2:108:Infinity":53,"f:111:16:111:33":12,"s:112:13:113:Infinity":54,"s:114:12:114:Infinity":55,"s:115:12:115:Infinity":56,"s:116:13:116:Infinity":57,"s:117:12:117:Infinity":58,"s:118:14:118:Infinity":59,"s:119:12:119:Infinity":60,"s:120:14:120:Infinity":61,"s:121:15:121:Infinity":62,"s:122:16:122:Infinity":63,"s:123:15:123:Infinity":64,"s:124:2:124:Infinity":65,"f:127:16:127:29":13,"b:129:2:129:Infinity:undefined:undefined:undefined:undefined":15,"s:129:2:129:Infinity":66,"b:129:6:129:24:129:24:129:37":16,"s:129:37:129:Infinity":67,"b:131:2:131:Infinity:undefined:undefined:undefined:undefined":17,"s:131:2:131:Infinity":68,"b:131:6:131:23:131:23:131:37":18,"s:131:37:131:Infinity":69,"b:133:2:133:Infinity:undefined:undefined:undefined:undefined":19,"s:133:2:133:Infinity":70,"b:133:6:133:23:133:23:133:36":20,"s:133:36:133:Infinity":71,"b:135:2:135:Infinity:undefined:undefined:undefined:undefined":21,"s:135:2:135:Infinity":72,"b:135:6:135:21:135:21:135:34":22,"s:135:34:135:Infinity":73,"b:137:2:137:Infinity:undefined:undefined:undefined:undefined":23,"s:137:2:137:Infinity":74,"b:137:6:137:24:137:24:137:38:137:38:137:50":24,"s:137:50:137:Infinity":75,"b:139:2:139:Infinity:undefined:undefined:undefined:undefined":25,"s:139:2:139:Infinity":76,"b:139:6:139:24:139:24:139:38:139:38:139:50":26,"s:139:50:139:Infinity":77,"s:142:14:142:Infinity":78,"b:143:2:143:Infinity:undefined:undefined:undefined:undefined":27,"s:143:2:143:Infinity":79,"s:143:17:143:Infinity":80,"b:144:2:144:Infinity:undefined:undefined:undefined:undefined":28,"s:144:2:144:Infinity":81,"s:144:17:144:Infinity":82,"s:146:2:146:Infinity":83}}}
,"D:\\Islamic-Reminders-Hub\\artifacts\\adhkar\\src\\lib\\prayer-times.ts": {"path":"D:\\Islamic-Reminders-Hub\\artifacts\\adhkar\\src\\lib\\prayer-times.ts","statementMap":{"0":{"start":{"line":36,"column":17},"end":{"line":36,"column":null}},"1":{"start":{"line":37,"column":17},"end":{"line":37,"column":null}},"2":{"start":{"line":38,"column":2},"end":{"line":38,"column":null}},"3":{"start":{"line":39,"column":16},"end":{"line":39,"column":null}},"4":{"start":{"line":40,"column":2},"end":{"line":40,"column":null}},"5":{"start":{"line":43,"column":17},"end":{"line":43,"column":null}},"6":{"start":{"line":45,"column":18},"end":{"line":45,"column":null}},"7":{"start":{"line":46,"column":13},"end":{"line":46,"column":null}},"8":{"start":{"line":47,"column":2},"end":{"line":47,"column":null}},"9":{"start":{"line":47,"column":22},"end":{"line":47,"column":null}},"10":{"start":{"line":48,"column":24},"end":{"line":48,"column":null}},"11":{"start":{"line":50,"column":2},"end":{"line":61,"column":null}},"12":{"start":{"line":65,"column":14},"end":{"line":65,"column":null}},"13":{"start":{"line":66,"column":18},"end":{"line":73,"column":null}},"14":{"start":{"line":74,"column":2},"end":{"line":74,"column":null}},"15":{"start":{"line":74,"column":27},"end":{"line":74,"column":39}},"16":{"start":{"line":78,"column":2},"end":{"line":82,"column":null}},"17":{"start":{"line":86,"column":2},"end":{"line":95,"column":null}},"18":{"start":{"line":87,"column":16},"end":{"line":90,"column":null}},"19":{"start":{"line":91,"column":17},"end":{"line":91,"column":null}},"20":{"start":{"line":92,"column":4},"end":{"line":92,"column":null}},"21":{"start":{"line":94,"column":4},"end":{"line":94,"column":null}},"22":{"start":{"line":104,"column":2},"end":{"line":143,"column":null}},"23":{"start":{"line":105,"column":14},"end":{"line":105,"column":null}},"24":{"start":{"line":106,"column":16},"end":{"line":108,"column":null}},"25":{"start":{"line":109,"column":17},"end":{"line":109,"column":null}},"26":{"start":{"line":110,"column":4},"end":{"line":112,"column":null}},"27":{"start":{"line":111,"column":6},"end":{"line":111,"column":null}},"28":{"start":{"line":114,"column":20},"end":{"line":114,"column":null}},"29":{"start":{"line":115,"column":19},"end":{"line":120,"column":null}},"30":{"start":{"line":116,"column":21},"end":{"line":116,"column":null}},"31":{"start":{"line":117,"column":21},"end":{"line":117,"column":null}},"32":{"start":{"line":118,"column":6},"end":{"line":118,"column":null}},"33":{"start":{"line":119,"column":6},"end":{"line":119,"column":null}},"34":{"start":{"line":122,"column":17},"end":{"line":122,"column":null}},"35":{"start":{"line":123,"column":20},"end":{"line":123,"column":null}},"36":{"start":{"line":124,"column":17},"end":{"line":124,"column":null}},"37":{"start":{"line":125,"column":22},"end":{"line":125,"column":null}},"38":{"start":{"line":126,"column":4},"end":{"line":126,"column":null}},"39":{"start":{"line":126,"column":28},"end":{"line":126,"column":null}},"40":{"start":{"line":127,"column":26},"end":{"line":127,"column":null}},"41":{"start":{"line":129,"column":4},"end":{"line":140,"column":null}},"42":{"start":{"line":142,"column":4},"end":{"line":142,"column":null}},"43":{"start":{"line":147,"column":2},"end":{"line":154,"column":null}},"44":{"start":{"line":148,"column":12},"end":{"line":148,"column":null}},"45":{"start":{"line":149,"column":12},"end":{"line":149,"column":null}},"46":{"start":{"line":150,"column":12},"end":{"line":150,"column":null}},"47":{"start":{"line":151,"column":12},"end":{"line":151,"column":null}},"48":{"start":{"line":152,"column":12},"end":{"line":152,"column":null}},"49":{"start":{"line":153,"column":13},"end":{"line":153,"column":null}}},"fnMap":{"0":{"name":"getPrayerTimes","decl":{"start":{"line":30,"column":16},"end":{"line":30,"column":null}},"loc":{"start":{"line":35,"column":21},"end":{"line":62,"column":null}},"line":35},"1":{"name":"getNextPrayer","decl":{"start":{"line":64,"column":16},"end":{"line":64,"column":30}},"loc":{"start":{"line":64,"column":93},"end":{"line":75,"column":null}},"line":64},"2":{"name":"(anonymous_2)","decl":{"start":{"line":74,"column":22},"end":{"line":74,"column":27}},"loc":{"start":{"line":74,"column":27},"end":{"line":74,"column":39}},"line":74},"3":{"name":"formatTime","decl":{"start":{"line":77,"column":16},"end":{"line":77,"column":27}},"loc":{"start":{"line":77,"column":62},"end":{"line":83,"column":null}},"line":77},"4":{"name":"getCityFromCoords","decl":{"start":{"line":85,"column":22},"end":{"line":85,"column":40}},"loc":{"start":{"line":85,"column":83},"end":{"line":96,"column":null}},"line":85},"5":{"name":"getPrayerTimesFromAPI","decl":{"start":{"line":98,"column":22},"end":{"line":98,"column":null}},"loc":{"start":{"line":103,"column":37},"end":{"line":144,"column":null}},"line":103},"6":{"name":"(anonymous_6)","decl":{"start":{"line":115,"column":19},"end":{"line":115,"column":20}},"loc":{"start":{"line":115,"column":46},"end":{"line":120,"column":null}},"line":115},"7":{"name":"methodToName","decl":{"start":{"line":146,"column":9},"end":{"line":146,"column":22}},"loc":{"start":{"line":146,"column":61},"end":{"line":155,"column":null}},"line":146}},"branchMap":{"0":{"loc":{"start":{"line":34,"column":2},"end":{"line":34,"column":null}},"type":"default-arg","locations":[{"start":{"line":34,"column":34},"end":{"line":34,"column":null}}],"line":34},"1":{"loc":{"start":{"line":47,"column":2},"end":{"line":47,"column":null}},"type":"if","locations":[{"start":{"line":47,"column":2},"end":{"line":47,"column":null}},{"start":{},"end":{}}],"line":47},"2":{"loc":{"start":{"line":74,"column":9},"end":{"line":74,"column":null}},"type":"binary-expr","locations":[{"start":{"line":74,"column":9},"end":{"line":74,"column":44}},{"start":{"line":74,"column":44},"end":{"line":74,"column":null}}],"line":74},"3":{"loc":{"start":{"line":77,"column":39},"end":{"line":77,"column":62}},"type":"default-arg","locations":[{"start":{"line":77,"column":48},"end":{"line":77,"column":62}}],"line":77},"4":{"loc":{"start":{"line":78,"column":33},"end":{"line":78,"column":70}},"type":"cond-expr","locations":[{"start":{"line":78,"column":51},"end":{"line":78,"column":61}},{"start":{"line":78,"column":61},"end":{"line":78,"column":70}}],"line":78},"5":{"loc":{"start":{"line":92,"column":11},"end":{"line":92,"column":null}},"type":"binary-expr","locations":[{"start":{"line":92,"column":11},"end":{"line":92,"column":33}},{"start":{"line":92,"column":33},"end":{"line":92,"column":55}},{"start":{"line":92,"column":55},"end":{"line":92,"column":80}},{"start":{"line":92,"column":80},"end":{"line":92,"column":104}},{"start":{"line":92,"column":104},"end":{"line":92,"column":null}}],"line":92},"6":{"loc":{"start":{"line":102,"column":2},"end":{"line":102,"column":null}},"type":"default-arg","locations":[{"start":{"line":102,"column":11},"end":{"line":102,"column":null}}],"line":102},"7":{"loc":{"start":{"line":110,"column":4},"end":{"line":112,"column":null}},"type":"if","locations":[{"start":{"line":110,"column":4},"end":{"line":112,"column":null}},{"start":{},"end":{}}],"line":110},"8":{"loc":{"start":{"line":126,"column":4},"end":{"line":126,"column":null}},"type":"if","locations":[{"start":{"line":126,"column":4},"end":{"line":126,"column":null}},{"start":{},"end":{}}],"line":126},"9":{"loc":{"start":{"line":147,"column":2},"end":{"line":154,"column":null}},"type":"switch","locations":[{"start":{"line":148,"column":4},"end":{"line":148,"column":null}},{"start":{"line":149,"column":4},"end":{"line":149,"column":null}},{"start":{"line":150,"column":4},"end":{"line":150,"column":null}},{"start":{"line":151,"column":4},"end":{"line":151,"column":null}},{"start":{"line":152,"column":4},"end":{"line":152,"column":null}},{"start":{"line":153,"column":4},"end":{"line":153,"column":null}}],"line":147}},"s":{"0":8,"1":8,"2":8,"3":8,"4":8,"5":8,"6":8,"7":8,"8":8,"9":8,"10":8,"11":8,"12":1,"13":1,"14":1,"15":3,"16":2,"17":2,"18":2,"19":1,"20":1,"21":1,"22":6,"23":6,"24":6,"25":1,"26":1,"27":0,"28":1,"29":1,"30":6,"31":6,"32":6,"33":6,"34":1,"35":1,"36":1,"37":1,"38":1,"39":1,"40":1,"41":1,"42":5,"43":5,"44":1,"45":1,"46":1,"47":0,"48":1,"49":1},"f":{"0":8,"1":1,"2":3,"3":2,"4":2,"5":6,"6":6,"7":5},"b":{"0":[8],"1":[8,0],"2":[1,0],"3":[2],"4":[1,1],"5":[1,0,0,0,0],"6":[6],"7":[0,1],"8":[1,0],"9":[1,1,1,0,1,1]},"meta":{"lastBranch":10,"lastFunction":8,"lastStatement":50,"seen":{"f:30:16:30:Infinity":0,"b:34:34:34:Infinity":0,"s:36:17:36:Infinity":0,"s:37:17:37:Infinity":1,"s:38:2:38:Infinity":2,"s:39:16:39:Infinity":3,"s:40:2:40:Infinity":4,"s:43:17:43:Infinity":5,"s:45:18:45:Infinity":6,"s:46:13:46:Infinity":7,"b:47:2:47:Infinity:undefined:undefined:undefined:undefined":1,"s:47:2:47:Infinity":8,"s:47:22:47:Infinity":9,"s:48:24:48:Infinity":10,"s:50:2:61:Infinity":11,"f:64:16:64:30":1,"s:65:14:65:Infinity":12,"s:66:18:73:Infinity":13,"s:74:2:74:Infinity":14,"b:74:9:74:44:74:44:74:Infinity":2,"f:74:22:74:27":2,"s:74:27:74:39":15,"f:77:16:77:27":3,"b:77:48:77:62":3,"s:78:2:82:Infinity":16,"b:78:51:78:61:78:61:78:70":4,"f:85:22:85:40":4,"s:86:2:95:Infinity":17,"s:87:16:90:Infinity":18,"s:91:17:91:Infinity":19,"s:92:4:92:Infinity":20,"b:92:11:92:33:92:33:92:55:92:55:92:80:92:80:92:104:92:104:92:Infinity":5,"s:94:4:94:Infinity":21,"f:98:22:98:Infinity":5,"b:102:11:102:Infinity":6,"s:104:2:143:Infinity":22,"s:105:14:105:Infinity":23,"s:106:16:108:Infinity":24,"s:109:17:109:Infinity":25,"b:110:4:112:Infinity:undefined:undefined:undefined:undefined":7,"s:110:4:112:Infinity":26,"s:111:6:111:Infinity":27,"s:114:20:114:Infinity":28,"s:115:19:120:Infinity":29,"f:115:19:115:20":6,"s:116:21:116:Infinity":30,"s:117:21:117:Infinity":31,"s:118:6:118:Infinity":32,"s:119:6:119:Infinity":33,"s:122:17:122:Infinity":34,"s:123:20:123:Infinity":35,"s:124:17:124:Infinity":36,"s:125:22:125:Infinity":37,"b:126:4:126:Infinity:undefined:undefined:undefined:undefined":8,"s:126:4:126:Infinity":38,"s:126:28:126:Infinity":39,"s:127:26:127:Infinity":40,"s:129:4:140:Infinity":41,"s:142:4:142:Infinity":42,"f:146:9:146:22":7,"b:148:4:148:Infinity:149:4:149:Infinity:150:4:150:Infinity:151:4:151:Infinity:152:4:152:Infinity:153:4:153:Infinity":9,"s:147:2:154:Infinity":43,"s:148:12:148:Infinity":44,"s:149:12:149:Infinity":45,"s:150:12:150:Infinity":46,"s:151:12:151:Infinity":47,"s:152:12:152:Infinity":48,"s:153:13:153:Infinity":49}}}
}
